#
#       Peak Name  Overlap_group
#        E55cN-HN             -1
#
# Input frequencies:
#     Omega1    Omega2    Omega3
#      0.000   122.185     8.377
#
# --------- Results of the fit -------------
#
# Parameter        Value           Esd      
# f01(ppm)      1.2217309e+02  1.0036121e-03 
# w1(Hz)        1.3830926e+01  3.1848006e-01 
# g1            2.8749194e+00  1.1304007e+00 
# f02(ppm)      8.3770534e+00  9.2017907e-05 
# w2(Hz)        1.5884845e+01  1.9032706e-01 
# g2            1.6605889e+01  1.0403191e+01 
############################################
#       Grad        Intensity      Esd(Int.)
   9.630e-01    1.1908796e+06  8.0059879e+05
   8.667e+00    9.4580260e+05  6.3596573e+05
   1.637e+01    5.6588665e+05  3.8087337e+05
   2.407e+01    1.8008695e+05  1.2280859e+05
   3.178e+01    8.6483216e+04  6.1745042e+04
   3.948e+01    2.7680610e+03  2.0925714e+04
