#
#       Peak Name  Overlap_group
#         E55N-HN             -1
#
# Input frequencies:
#     Omega1    Omega2    Omega3
#      0.000   122.056     8.441
#
# --------- Results of the fit -------------
#
# Parameter        Value           Esd      
# f01(ppm)      1.2205577e+02  2.6206368e-04 
# w1(Hz)        1.1462875e+01  1.0010228e-01 
# g1            1.0215364e+00  8.8366374e-02 
# f02(ppm)      8.4409243e+00  3.6887310e-05 
# w2(Hz)        1.6069314e+01  1.1000722e-01 
# g2            8.7134025e-01  5.9733469e-02 
############################################
#       Grad        Intensity      Esd(Int.)
   9.630e-01    2.8985827e+08  1.3702661e+07
   8.667e+00    2.3111691e+08  1.0984259e+07
   1.637e+01    1.2948521e+08  6.3472100e+06
   2.407e+01    5.1313658e+07  3.0486146e+06
   3.178e+01    1.4215070e+07  1.9907414e+06
   3.948e+01    3.0430311e+06  1.8815530e+06
