#
#       Peak Name  Overlap_group
#        E59cN-HN             -1
#
# Input frequencies:
#     Omega1    Omega2    Omega3
#      0.000   123.642     8.591
#
# --------- Results of the fit -------------
#
# Parameter        Value           Esd      
# f01(ppm)      1.2364160e+02  3.9039082e-04 
# w1(Hz)        1.1225254e+01  1.4990371e-01 
# g1            1.2340045e+00  1.5759498e-01 
# f02(ppm)      8.5907200e+00  5.9258191e-05 
# w2(Hz)        1.6547798e+01  1.7683820e-01 
# g2            9.1705391e-01  9.7232711e-02 
############################################
#       Grad        Intensity      Esd(Int.)
   9.630e-01    1.1550400e+07  8.9323558e+05
   8.667e+00    9.4737815e+06  7.3572081e+05
   1.637e+01    4.8860806e+06  3.9257629e+05
   2.407e+01    2.0547179e+06  1.9652545e+05
   3.178e+01    1.1650757e+05  1.1785634e+05
   3.948e+01    2.8152450e+05  1.1948272e+05
