#
#       Peak Name  Overlap_group
#         E59N-HN              1
#
# Input frequencies:
#     Omega1    Omega2    Omega3
#      0.000   123.142     8.513
#
# --------- Results of the fit -------------
#
# Parameter        Value           Esd      
# f01(ppm)      1.2314224e+02  2.7253681e-04 
# w1(Hz)        1.1206421e+01  9.8574663e-02 
# g1            1.1975071e+00  1.0514749e-01 
# f02(ppm)      8.5123599e+00  4.0606324e-05 
# w2(Hz)        1.6382874e+01  1.1420391e-01 
# g2            1.0253702e+00  5.8741300e-02 
############################################
#       Grad        Intensity      Esd(Int.)
   9.630e-01    2.2213351e+08  9.8179741e+06
   8.667e+00    1.7784409e+08  7.9035009e+06
   1.637e+01    9.9763832e+07  4.5799484e+06
   2.407e+01    3.9140794e+07  2.2075444e+06
   3.178e+01    1.0835558e+07  1.4716657e+06
   3.948e+01    2.3765989e+06  1.3971952e+06
