#
#       Peak Name  Overlap_group
#        M58cN-HN             -1
#
# Input frequencies:
#     Omega1    Omega2    Omega3
#      0.000   121.211     8.484
#
# --------- Results of the fit -------------
#
# Parameter        Value           Esd      
# f01(ppm)      1.2121548e+02  2.0231731e-04 
# w1(Hz)        4.4621009e+00  1.1558064e-01 
# g1           -8.0500528e-01  1.1422030e-02 
# f02(ppm)      8.4835467e+00  8.8294473e-05 
# w2(Hz)        1.8308137e+01  4.2518193e-01 
# g2            2.5625067e-02  5.4754172e-02 
############################################
#       Grad        Intensity      Esd(Int.)
   9.630e-01    2.7632143e+07  1.6873281e+06
   8.667e+00    2.1540861e+07  1.3386474e+06
   1.637e+01    1.0954496e+07  7.6170308e+05
   2.407e+01    4.7120147e+06  4.8548238e+05
   3.178e+01    2.5624370e+05  3.9713087e+05
   3.948e+01   -2.3522229e+05  3.9708506e+05
