#
#       Peak Name  Overlap_group
#         M58N-HN             -1
#
# Input frequencies:
#     Omega1    Omega2    Omega3
#      0.000   121.420     8.525
#
# --------- Results of the fit -------------
#
# Parameter        Value           Esd      
# f01(ppm)      1.2141996e+02  2.7732727e-04 
# w1(Hz)        1.1125472e+01  1.0226144e-01 
# g1            1.1332280e+00  9.9975426e-02 
# f02(ppm)      8.5247848e+00  3.9935735e-05 
# w2(Hz)        1.5976510e+01  1.1370497e-01 
# g2            1.0269097e+00  7.1293206e-02 
############################################
#       Grad        Intensity      Esd(Int.)
   9.630e-01    2.4284021e+08  1.2570072e+07
   8.667e+00    1.9412590e+08  1.0100203e+07
   1.637e+01    1.0852921e+08  5.8197547e+06
   2.407e+01    4.2540509e+07  2.7653375e+06
   3.178e+01    1.1523258e+07  1.7989173e+06
   3.948e+01    2.0196038e+06  1.7022191e+06
