#
#       Peak Name  Overlap_group
#        Q56cN-HN             -1
#
# Input frequencies:
#     Omega1    Omega2    Omega3
#      0.000   119.793     8.049
#
# --------- Results of the fit -------------
#
# Parameter        Value           Esd      
# f01(ppm)      1.1979082e+02  3.2923076e-04 
# w1(Hz)        1.1074791e+01  1.2544133e-01 
# g1            1.3354031e+00  1.4274943e-01 
# f02(ppm)      8.0495149e+00  5.1937876e-05 
# w2(Hz)        1.7179958e+01  1.5065774e-01 
# g2            1.1443939e+00  9.9285472e-02 
############################################
#       Grad        Intensity      Esd(Int.)
   9.630e-01    1.2264725e+07  8.6278942e+05
   8.667e+00    1.0038512e+07  7.0879595e+05
   1.637e+01    4.9207039e+06  3.5948407e+05
   2.407e+01    1.9461761e+06  1.7224699e+05
   3.178e+01    2.4171243e+05  1.0720151e+05
   3.948e+01    3.6036676e+05  1.0881346e+05
