#
#       Peak Name  Overlap_group
#         Q56N-HN              1
#
# Input frequencies:
#     Omega1    Omega2    Omega3
#      0.000   122.940     8.447
#
# --------- Results of the fit -------------
#
# Parameter        Value           Esd      
# f01(ppm)      1.2294139e+02  2.5966349e-04 
# w1(Hz)        1.1277684e+01  9.2398264e-02 
# g1            1.1069016e+00  9.0847943e-02 
# f02(ppm)      8.4463403e+00  3.8747023e-05 
# w2(Hz)        1.6665767e+01  1.1167367e-01 
# g2            9.3640398e-01  5.1331025e-02 
############################################
#       Grad        Intensity      Esd(Int.)
   9.630e-01    2.5692237e+08  1.0318762e+07
   8.667e+00    2.0503418e+08  8.2856945e+06
   1.637e+01    1.1429924e+08  4.7857036e+06
   2.407e+01    4.5152058e+07  2.3399464e+06
   3.178e+01    1.2287102e+07  1.5793789e+06
   3.948e+01    2.3964187e+06  1.5049196e+06
